[    0.000000] Initializing cgroup subsys cpuset
[    0.000000] Initializing cgroup subsys cpu
[    0.000000] Initializing cgroup subsys cpuacct
[    0.000000] Linux version 4.4.0-210-generic (buildd@lgw01-amd64-009) (gcc version 5.4.0 20160609 (Ubuntu 5.4.0-6ubuntu1~16.04.12) ) #242-Ubuntu SMP Fri Apr 16 09:57:56 UTC 2021 (Ubuntu 4.4.0-210.242-generic 4.4.262)
[    0.000000] Command line: BOOT_IMAGE=/boot/vmlinuz-4.4.0-210-generic root=LABEL=cloudimg-rootfs ro console=tty1 console=ttyS0
[    0.000000] KERNEL supported cpus:
[    0.000000]   Intel GenuineIntel
[    0.000000]   AMD AuthenticAMD
[    0.000000]   Centaur CentaurHauls
[    0.000000] x86/fpu: Legacy x87 FPU detected.
[    0.000000] e820: BIOS-provided physical RAM map:
[    0.000000] BIOS-e820: [mem 0x0000000000000000-0x000000000009fbff] usable
[    0.000000] BIOS-e820: [mem 0x000000000009fc00-0x000000000009ffff] reserved
[    0.000000] BIOS-e820: [mem 0x00000000000f0000-0x00000000000fffff] reserved
[    0.000000] BIOS-e820: [mem 0x0000000000100000-0x000000003ffeffff] usable
[    0.000000] BIOS-e820: [mem 0x000000003fff0000-0x000000003fffffff] ACPI data
[    0.000000] BIOS-e820: [mem 0x00000000fec00000-0x00000000fec00fff] reserved
[    0.000000] BIOS-e820: [mem 0x00000000fee00000-0x00000000fee00fff] reserved
[    0.000000] BIOS-e820: [mem 0x00000000fffc0000-0x00000000ffffffff] reserved
[    0.000000] NX (Execute Disable) protection: active
[    0.000000] SMBIOS 2.5 present.
[    0.000000] Hypervisor detected: KVM
[    0.000000] Kernel/User page tables isolation: disabled
[    0.000000] e820: last_pfn = 0x3fff0 max_arch_pfn = 0x400000000
[    0.000000] MTRR: Disabled
[    0.000000] x86/PAT: MTRRs disabled, skipping PAT initialization too.
[    0.000000] CPU MTRRs all blank - virtualized system.
[    0.000000] x86/PAT: Configuration [0-7]: WB  WT  UC- UC  WB  WT  UC- UC  
[    0.000000] found SMP MP-table at [mem 0x0009fff0-0x0009ffff] mapped at [ffff88000009fff0]
[    0.000000] Scanning 1 areas for low memory corruption
[    0.000000] RAMDISK: [mem 0x362dc000-0x37165fff]
[    0.000000] ACPI: Early table checksum verification disabled
[    0.000000] ACPI: RSDP 0x00000000000E0000 000024 (v02 VBOX  )
[    0.000000] ACPI: XSDT 0x000000003FFF0030 00003C (v01 VBOX   VBOXXSDT 00000001 ASL  00000061)
[    0.000000] ACPI: FACP 0x000000003FFF00F0 0000F4 (v04 VBOX   VBOXFACP 00000001 ASL  00000061)
[    0.000000] ACPI: DSDT 0x000000003FFF0610 002353 (v02 VBOX   VBOXBIOS 00000002 INTL 20100528)
[    0.000000] ACPI: FACS 0x000000003FFF0200 000040
[    0.000000] ACPI: FACS 0x000000003FFF0200 000040
[    0.000000] ACPI: APIC 0x000000003FFF0240 00005C (v02 VBOX   VBOXAPIC 00000001 ASL  00000061)
[    0.000000] ACPI: SSDT 0x000000003FFF02A0 00036C (v01 VBOX   VBOXCPUT 00000002 INTL 20100528)
[    0.000000] No NUMA configuration found
[    0.000000] Faking a node at [mem 0x0000000000000000-0x000000003ffeffff]
[    0.000000] NODE_DATA(0) allocated [mem 0x3ffeb000-0x3ffeffff]
[    0.000000] kvm-clock: Using msrs 4b564d01 and 4b564d00
[    0.000000] kvm-clock: cpu 0, msr 0:3ffe3001, primary cpu clock
[    0.000000] kvm-clock: using sched offset of 3629129402 cycles
[    0.000000] clocksource: kvm-clock: mask: 0xffffffffffffffff max_cycles: 0x1cd42e4dffb, max_idle_ns: 881590591483 ns
[    0.000000] Zone ranges:
[    0.000000]   DMA      [mem 0x0000000000001000-0x0000000000ffffff]
[    0.000000]   DMA32    [mem 0x0000000001000000-0x000000003ffeffff]
[    0.000000]   Normal   empty
[    0.000000]   Device   empty
[    0.000000] Movable zone start for each node
[    0.000000] Early memory node ranges
[    0.000000]   node   0: [mem 0x0000000000001000-0x000000000009efff]
[    0.000000]   node   0: [mem 0x0000000000100000-0x000000003ffeffff]
[    0.000000] Initmem setup node 0 [mem 0x0000000000001000-0x000000003ffeffff]
[    0.000000] ACPI: PM-Timer IO Port: 0x4008
[    0.000000] IOAPIC[0]: apic_id 2, version 32, address 0xfec00000, GSI 0-23
[    0.000000] ACPI: INT_SRC_OVR (bus 0 bus_irq 0 global_irq 2 dfl dfl)
[    0.000000] ACPI: INT_SRC_OVR (bus 0 bus_irq 9 global_irq 9 low level)
[    0.000000] Using ACPI (MADT) for SMP configuration information
[    0.000000] smpboot: Allowing 2 CPUs, 0 hotplug CPUs
[    0.000000] PM: Registered nosave memory: [mem 0x00000000-0x00000fff]
[    0.000000] PM: Registered nosave memory: [mem 0x0009f000-0x0009ffff]
[    0.000000] PM: Registered nosave memory: [mem 0x000a0000-0x000effff]
[    0.000000] PM: Registered nosave memory: [mem 0x000f0000-0x000fffff]
[    0.000000] e820: [mem 0x40000000-0xfebfffff] available for PCI devices
[    0.000000] Booting paravirtualized kernel on KVM
[    0.000000] clocksource: refined-jiffies: mask: 0xffffffff max_cycles: 0xffffffff, max_idle_ns: 7645519600211568 ns
[    0.000000] setup_percpu: NR_CPUS:512 nr_cpumask_bits:512 nr_cpu_ids:2 nr_node_ids:1
[    0.000000] PERCPU: Embedded 33 pages/cpu @ffff88003fc00000 s95192 r8192 d31784 u1048576
[    0.000000] Built 1 zonelists in Node order, mobility grouping on.  Total pages: 257912
[    0.000000] Policy zone: DMA32
[    0.000000] Kernel command line: BOOT_IMAGE=/boot/vmlinuz-4.4.0-210-generic root=LABEL=cloudimg-rootfs ro console=tty1 console=ttyS0
[    0.000000] PID hash table entries: 4096 (order: 3, 32768 bytes)
[    0.000000] Memory: 997792K/1048120K available (8644K kernel code, 1332K rwdata, 4044K rodata, 1492K init, 1164K bss, 50328K reserved, 0K cma-reserved)
[    0.000000] SLUB: HWalign=64, Order=0-3, MinObjects=0, CPUs=2, Nodes=1
[    0.000000] Hierarchical RCU implementation.
[    0.000000] 	Build-time adjustment of leaf fanout to 64.
[    0.000000] 	RCU restricting CPUs from NR_CPUS=512 to nr_cpu_ids=2.
[    0.000000] RCU: Adjusting geometry for rcu_fanout_leaf=64, nr_cpu_ids=2
[    0.000000] NR_IRQS:33024 nr_irqs:440 16
[    0.000000] Console: colour VGA+ 80x25
[    0.000000] console [tty1] enabled
[    0.000000] console [ttyS0] enabled
[    0.000000] tsc: Detected 2112.006 MHz processor
[    0.610280] Calibrating delay loop (skipped) preset value.. 4224.01 BogoMIPS (lpj=8448024)
[    0.618165] pid_max: default: 32768 minimum: 301
[    0.622598] ACPI: Core revision 20150930
[    0.627533] ACPI: 2 ACPI AML tables successfully acquired and loaded
[    0.633991] Security Framework initialized
[    0.638130] Yama: becoming mindful.
[    0.642989] AppArmor: AppArmor initialized
[    0.647033] Dentry cache hash table entries: 131072 (order: 8, 1048576 bytes)
[    0.660636] Inode-cache hash table entries: 65536 (order: 7, 524288 bytes)
[    0.670483] Mount-cache hash table entries: 2048 (order: 2, 16384 bytes)
[    0.679764] Mountpoint-cache hash table entries: 2048 (order: 2, 16384 bytes)
[    0.692102] Initializing cgroup subsys io
[    0.700397] Initializing cgroup subsys memory
[    0.707319] Initializing cgroup subsys devices
[    0.714499] Initializing cgroup subsys freezer
[    0.718847] Initializing cgroup subsys net_cls
[    0.724042] Initializing cgroup subsys perf_event
[    0.730165] Initializing cgroup subsys net_prio
[    0.734570] Initializing cgroup subsys hugetlb
[    0.739837] Initializing cgroup subsys pids
[    0.765023] mce: CPU supports 0 MCE banks
[    0.774835] Last level iTLB entries: 4KB 64, 2MB 8, 4MB 8
[    0.780588] Last level dTLB entries: 4KB 64, 2MB 0, 4MB 0, 1GB 4
[    0.788244] Spectre V1 : Mitigation: usercopy/swapgs barriers and __user pointer sanitization
[    0.799512] Spectre V2 : Mitigation: Enhanced IBRS
[    0.804052] Spectre V2 : Spectre v2 / SpectreRSB mitigation: Filling RSB on context switch
[    0.815019] Speculative Store Bypass: Vulnerable
[    0.819465] SRBDS: Mitigation: TSX disabled
[    0.881827] Freeing SMP alternatives memory: 36K
[    1.025047] ftrace: allocating 32380 entries in 127 pages
[    1.898505] smpboot: APIC(0) Converting physical 0 to logical package 0
[    1.908638] smpboot: Max logical packages: 1
[    1.930672] ..TIMER: vector=0x30 apic1=0 pin1=2 apic2=-1 pin2=-1
[    2.045256] smpboot: CPU0: Intel(R) Core(TM) i5-10210U CPU @ 1.60GHz (family: 0x6, model: 0x8e, stepping: 0xc)
[    2.059801] Performance Events: unsupported p6 CPU model 142 no PMU driver, software events only.
[    2.206846] KVM setup paravirtual spinlock
[    2.213878] x86: Booting SMP configuration:
[    2.218246] .... node  #0, CPUs:      #1
[    2.223780] kvm-clock: cpu 1, msr 0:3ffe3041, secondary cpu clock
[    2.244831] mce: CPU supports 0 MCE banks
[    2.249677] TSC synchronization [CPU#0 -> CPU#1]:
[    2.255335] Measured 85191 cycles TSC warp between CPUs, turning off TSC clock.
[    2.261821] tsc: Marking TSC unstable due to check_tsc_sync_source failed
[    0.652067] x86: Booted up 1 node, 2 CPUs
[    0.656003] smpboot: Total of 2 processors activated (8448.02 BogoMIPS)
[    0.668098] devtmpfs: initialized
[    0.673911] evm: security.selinux
[    0.676012] evm: security.SMACK64
[    0.680004] evm: security.SMACK64EXEC
[    0.684003] evm: security.SMACK64TRANSMUTE
[    0.688002] evm: security.SMACK64MMAP
[    0.692002] evm: security.ima
[    0.696002] evm: security.capability
[    0.700309] clocksource: jiffies: mask: 0xffffffff max_cycles: 0xffffffff, max_idle_ns: 7645041785100000 ns
[    0.704011] futex hash table entries: 512 (order: 3, 32768 bytes)
[    0.708358] pinctrl core: initialized pinctrl subsystem
[    0.712372] RTC time:  4:17:03, date: 09/07/23
[    0.720561] NET: Registered protocol family 16
[    0.736007] cpuidle: using governor ladder
[    0.752011] cpuidle: using governor menu
[    0.756134] PCCT header not found.
[    0.760153] ACPI: bus type PCI registered
[    0.764003] acpiphp: ACPI Hot Plug PCI Controller Driver version: 0.5
[    0.768465] PCI: Using configuration type 1 for base access
[    0.801228] ACPI: Added _OSI(Module Device)
[    0.804014] ACPI: Added _OSI(Processor Device)
[    0.808008] ACPI: Added _OSI(3.0 _SCP Extensions)
[    0.812007] ACPI: Added _OSI(Processor Aggregator Device)
[    0.820084] ACPI: Executed 1 blocks of module-level executable AML code
[    0.832085] ACPI: Interpreter enabled
[    0.835369] ACPI: (supports S0 S5)
[    0.836004] ACPI: Using IOAPIC for interrupt routing
[    0.840366] PCI: Using host bridge windows from ACPI; if necessary, use "pci=nocrs" and report a bug
[    0.853207] ACPI: PCI Root Bridge [PCI0] (domain 0000 [bus 00-ff])
[    0.856007] acpi PNP0A03:00: _OSC: OS supports [ASPM ClockPM Segments MSI]
[    0.860604] acpi PNP0A03:00: _OSC: not requesting OS control; OS requires [ExtendedConfig ASPM ClockPM MSI]
[    0.864011] acpi PNP0A03:00: fail to add MMCONFIG information, can't access extended PCI configuration space under this bridge.
[    0.872703] PCI host bridge to bus 0000:00
[    0.876004] pci_bus 0000:00: root bus resource [io  0x0000-0x0cf7 window]
[    0.880003] pci_bus 0000:00: root bus resource [io  0x0d00-0xffff window]
[    0.884003] pci_bus 0000:00: root bus resource [mem 0x000a0000-0x000bffff window]
[    0.888008] pci_bus 0000:00: root bus resource [mem 0x40000000-0xfdffffff window]
[    0.904008] pci_bus 0000:00: root bus resource [bus 00-ff]
[    0.924443] pci 0000:00:01.1: legacy IDE quirk: reg 0x10: [io  0x01f0-0x01f7]
[    0.932003] pci 0000:00:01.1: legacy IDE quirk: reg 0x14: [io  0x03f6]
[    0.940003] pci 0000:00:01.1: legacy IDE quirk: reg 0x18: [io  0x0170-0x0177]
[    0.948003] pci 0000:00:01.1: legacy IDE quirk: reg 0x1c: [io  0x0376]
[    0.982312] pci 0000:00:07.0: quirk: [io  0x4000-0x403f] claimed by PIIX4 ACPI
[    0.992040] pci 0000:00:07.0: quirk: [io  0x4100-0x410f] claimed by PIIX4 SMB
[    1.008411] ACPI: PCI Interrupt Link [LNKA] (IRQs 5 9 10 *11)
[    1.036526] ACPI: PCI Interrupt Link [LNKB] (IRQs 5 9 *10 11)
[    1.049123] ACPI: PCI Interrupt Link [LNKC] (IRQs 5 *9 10 11)
[    1.060157] ACPI: PCI Interrupt Link [LNKD] (IRQs 5 9 10 *11)
[    1.069871] ACPI: Enabled 2 GPEs in block 00 to 07
[    1.076242] vgaarb: setting as boot device: PCI:0000:00:02.0
[    1.080000] vgaarb: device added: PCI:0000:00:02.0,decodes=io+mem,owns=io+mem,locks=none
[    1.088004] vgaarb: loaded
[    1.092002] vgaarb: bridge control possible 0000:00:02.0
[    1.096388] SCSI subsystem initialized
[    1.100242] ACPI: bus type USB registered
[    1.108037] usbcore: registered new interface driver usbfs
[    1.112031] usbcore: registered new interface driver hub
[    1.116011] usbcore: registered new device driver usb
[    1.124312] PCI: Using ACPI for IRQ routing
[    1.128772] NetLabel: Initializing
[    1.132002] NetLabel:  domain hash size = 128
[    1.140008] NetLabel:  protocols = UNLABELED CIPSOv4
[    1.144020] NetLabel:  unlabeled traffic allowed by default
[    1.152124] amd_nb: Cannot enumerate AMD northbridges
[    1.156287] clocksource: Switched to clocksource kvm-clock
[    1.189463] AppArmor: AppArmor Filesystem Enabled
[    1.197751] pnp: PnP ACPI init
[    1.202771] pnp: PnP ACPI: found 3 devices
[    1.215193] clocksource: acpi_pm: mask: 0xffffff max_cycles: 0xffffff, max_idle_ns: 2085701024 ns
[    1.225954] NET: Registered protocol family 2
[    1.231823] TCP established hash table entries: 8192 (order: 4, 65536 bytes)
[    1.235433] TCP bind hash table entries: 8192 (order: 5, 131072 bytes)
[    1.235433] TCP: Hash tables configured (established 8192 bind 8192)
[    1.235433] UDP hash table entries: 512 (order: 2, 16384 bytes)
[    1.235433] UDP-Lite hash table entries: 512 (order: 2, 16384 bytes)
[    1.235433] NET: Registered protocol family 1
[    1.235433] pci 0000:00:00.0: Limiting direct PCI/PCI transfers
[    1.235433] pci 0000:00:01.0: Activating ISA DMA hang workarounds
[    1.235433] Unpacking initramfs...
[    1.235433] Freeing initrd memory: 14888K
[    1.235433] clocksource: tsc: mask: 0xffffffffffffffff max_cycles: 0x1e717e40680, max_idle_ns: 440795297614 ns
[    1.235433] platform rtc_cmos: registered platform RTC device (no PNP device found)
[    1.235433] Scanning for low memory corruption every 60 seconds
[    1.678370] audit: initializing netlink subsys (disabled)
[    1.684151] audit: type=2000 audit(1694060228.283:1): initialized
[    1.691467] Initialise system trusted keyring
[    1.696613] HugeTLB registered 2 MB page size, pre-allocated 0 pages
[    1.705244] zbud: loaded
[    1.708407] VFS: Disk quotas dquot_6.6.0
[    1.711957] VFS: Dquot-cache hash table entries: 512 (order 0, 4096 bytes)
[    1.719344] squashfs: version 4.0 (2009/01/31) Phillip Lougher
[    1.726085] fuse init (API version 7.23)
[    1.731213] Key type big_key registered
[    1.735338] Allocating IMA MOK and blacklist keyrings.
[    1.748365] Key type asymmetric registered
[    1.753365] Asymmetric key parser 'x509' registered
[    1.758248] Block layer SCSI generic (bsg) driver version 0.4 loaded (major 249)
[    1.765258] io scheduler noop registered
[    1.769335] io scheduler deadline registered (default)
[    1.774351] io scheduler cfq registered
[    1.778155] pci_hotplug: PCI Hot Plug PCI Core version: 0.5
[    1.782992] pciehp: PCI Express Hot Plug Controller Driver version: 0.4
[    1.789403] ACPI: AC Adapter [AC] (on-line)
[    1.794780] input: Power Button as /devices/LNXSYSTM:00/LNXPWRBN:00/input/input0
[    1.802489] ACPI: Power Button [PWRF]
[    1.808240] input: Sleep Button as /devices/LNXSYSTM:00/LNXSLPBN:00/input/input1
[    1.815525] ACPI: Sleep Button [SLPF]
[    1.821199] GHES: HEST is not enabled!
[    1.822873] ACPI: Battery Slot [BAT0] (battery present)
[    1.830220] Serial: 8250/16550 driver, 32 ports, IRQ sharing enabled
[    1.862073] 00:02: ttyS0 at I/O 0x3f8 (irq = 4, base_baud = 115200) is a 16550A
[    1.888237] Linux agpgart interface v0.103
[    1.906596] loop: module loaded
[    1.913424] scsi host0: ata_piix
[    1.918248] scsi host1: ata_piix
[    1.921154] ata1: PATA max UDMA/33 cmd 0x1f0 ctl 0x3f6 bmdma 0xd000 irq 14
[    1.922206] ata2: PATA max UDMA/33 cmd 0x170 ctl 0x376 bmdma 0xd008 irq 15
[    1.933847] libphy: Fixed MDIO Bus: probed
[    1.937209] tun: Universal TUN/TAP device driver, 1.6
[    1.937209] tun: (C) 1999-2004 Max Krasnyansky <maxk@qualcomm.com>
[    1.949042] PPP generic driver version 2.4.2
[    1.954773] ehci_hcd: USB 2.0 'Enhanced' Host Controller (EHCI) Driver
[    1.960948] ehci-pci: EHCI PCI platform driver
[    1.964948] ehci-platform: EHCI generic platform driver
[    1.970059] ohci_hcd: USB 1.1 'Open' Host Controller (OHCI) Driver
[    1.975709] ohci-pci: OHCI PCI platform driver
[    1.979821] ohci-platform: OHCI generic platform driver
[    1.984990] uhci_hcd: USB Universal Host Controller Interface driver
[    1.990457] i8042: PNP: PS/2 Controller [PNP0303:PS2K,PNP0f03:PS2M] at 0x60,0x64 irq 1,12
[    2.001854] serio: i8042 KBD port at 0x60,0x64 irq 1
[    2.004151] serio: i8042 AUX port at 0x60,0x64 irq 12
[    2.012773] mousedev: PS/2 mouse device common for all mice
[    2.021804] rtc_cmos rtc_cmos: rtc core: registered rtc_cmos as rtc0
[    2.028078] rtc_cmos rtc_cmos: alarms up to one day, 114 bytes nvram
[    2.033799] i2c /dev entries driver
[    2.038074] device-mapper: uevent: version 1.0.3
[    2.043125] device-mapper: ioctl: 4.34.0-ioctl (2015-10-28) initialised: dm-devel@redhat.com
[    2.052444] ledtrig-cpu: registered to indicate activity on CPUs
[    2.059139] input: AT Translated Set 2 keyboard as /devices/platform/i8042/serio0/input/input2
[    2.069798] NET: Registered protocol family 10
[    2.074882] NET: Registered protocol family 17
[    2.079602] Key type dns_resolver registered
[    2.084204] registered taskstats version 1
[    2.088398] Loading compiled-in X.509 certificates
[    2.093652] Loaded X.509 cert 'Build time autogenerated kernel key: cf00e047681d67edb2720680708b7d9498083038'
[    2.103275] zswap: loaded using pool lzo/zbud
[    2.156127] Key type trusted registered
[    2.174167] Key type encrypted registered
[    2.179612] AppArmor: AppArmor sha1 policy hashing enabled
[    2.185759] ima: No TPM chip found, activating TPM-bypass!
[    2.191665] ima: Allocated hash algorithm: sha1
[    2.198138] evm: HMAC attrs: 0x1
[    2.205148]   Magic number: 7:684:261
[    2.209732] rtc_cmos rtc_cmos: setting system clock to 2023-09-07 04:17:05 UTC (1694060225)
[    2.218148] BIOS EDD facility v0.16 2004-Jun-25, 0 devices found
[    2.224194] EDD information not available.
[    2.231341] Freeing unused kernel memory: 1492K
[    2.249229] Write protecting the kernel read-only data: 14336k
[    2.257561] Freeing unused kernel memory: 1584K
[    2.263436] Freeing unused kernel memory: 52K
Loading, please wait...
starting version 229
[    2.297668] random: systemd-udevd: uninitialized urandom read (16 bytes read, 9 bits of entropy available)
[    2.299052] random: udevadm: uninitialized urandom read (16 bytes read, 9 bits of entropy available)
[    2.299096] random: udevadm: uninitialized urandom read (16 bytes read, 9 bits of entropy available)
[    2.313864] random: udevadm: uninitialized urandom read (16 bytes read, 9 bits of entropy available)
[    2.313916] random: udevadm: uninitialized urandom read (16 bytes read, 9 bits of entropy available)
[    2.314100] random: udevadm: uninitialized urandom read (16 bytes read, 9 bits of entropy available)
[    2.314162] random: udevadm: uninitialized urandom read (16 bytes read, 9 bits of entropy available)
[    2.314246] random: udevadm: uninitialized urandom read (16 bytes read, 9 bits of entropy available)
[    2.314352] random: udevadm: uninitialized urandom read (16 bytes read, 9 bits of entropy available)
[    2.314485] random: udevadm: uninitialized urandom read (16 bytes read, 9 bits of entropy available)
[    2.473366] e1000: Intel(R) PRO/1000 Network Driver - version 7.3.21-k8-NAPI
[    2.476287] e1000: Copyright (c) 1999-2006 Intel Corporation.
[    2.497735] Fusion MPT base driver 3.04.20
[    2.503551] Copyright (c) 1999-2008 LSI Corporation
[    2.555544] Fusion MPT SPI Host driver 3.04.20
[    2.618803] SSE version of gcm_enc/dec engaged.
[    2.787338] input: ImExPS/2 Generic Explorer Mouse as /devices/platform/i8042/serio1/input/input4
[    3.300559] e1000 0000:00:03.0 eth0: (PCI:33MHz:32-bit) 02:be:82:6b:cc:1d
[    3.309060] e1000 0000:00:03.0 eth0: Intel(R) PRO/1000 Network Connection
[    3.317087] mptbase: ioc0: Initiating bringup
[    3.323300] e1000 0000:00:03.0 enp0s3: renamed from eth0
[    3.409989] ioc0: LSI53C1030 A0: Capabilities={Initiator}
[    3.638302] scsi host2: ioc0: LSI53C1030 A0, FwRev=00000000h, Ports=1, MaxQ=256, IRQ=20
[    3.761145] scsi 2:0:0:0: Direct-Access     VBOX     HARDDISK         1.0  PQ: 0 ANSI: 5
[    3.774327] scsi target2:0:0: Beginning Domain Validation
[    3.790295] scsi target2:0:0: Domain Validation skipping write tests
[    3.796830] scsi target2:0:0: Ending Domain Validation
[    3.803342] scsi target2:0:0: asynchronous
[    3.812268] scsi 2:0:1:0: Direct-Access     VBOX     HARDDISK         1.0  PQ: 0 ANSI: 5
[    3.816159] scsi target2:0:1: Beginning Domain Validation
[    3.835547] scsi target2:0:1: Domain Validation skipping write tests
[    3.842253] scsi target2:0:1: Ending Domain Validation
[    3.847789] scsi target2:0:1: asynchronous
[    3.885973] sd 2:0:0:0: Attached scsi generic sg0 type 0
[    3.893216] sd 2:0:0:0: [sda] 83886080 512-byte logical blocks: (42.9 GB/40.0 GiB)
[    3.894250] sd 2:0:1:0: [sdb] 20480 512-byte logical blocks: (10.5 MB/10.0 MiB)
[    3.895226] sd 2:0:1:0: [sdb] Write Protect is off
[    3.895901] sd 2:0:1:0: [sdb] Incomplete mode parameter data
[    3.895902] sd 2:0:1:0: [sdb] Assuming drive cache: write through
[    3.946584] sd 2:0:1:0: Attached scsi generic sg1 type 0
[    3.954038] sd 2:0:0:0: [sda] Write Protect is off
[    3.961079] sd 2:0:0:0: [sda] Incomplete mode parameter data
[    3.964823] sd 2:0:1:0: [sdb] Attached SCSI disk
[    3.973432] sd 2:0:0:0: [sda] Assuming drive cache: write through
[    3.985435]  sda: sda1
[    3.991877] sd 2:0:0:0: [sda] Attached SCSI disk
Begin: Loading essential drivers ... [    5.793161] md: linear personality registered for level -1
[    5.805901] md: multipath personality registered for level -4
[    5.817173] md: raid0 personality registered for level 0
[    5.841480] md: raid1 personality registered for level 1
[    6.793021] raid6: sse2x1   gen() 137968 MB/s
[    8.795023] raid6: sse2x1   xor() 97811 MB/s
[    9.796507] raid6: sse2x2   gen() 208642 MB/s
[   10.809429] raid6: sse2x2   xor() 127700 MB/s
[   11.820783] raid6: sse2x4   gen() 221874 MB/s
[   11.895911] raid6: sse2x4   xor()  9344 MB/s
[   11.901462] raid6: using algorithm sse2x4 gen() 221874 MB/s
[   11.906991] raid6: .... xor() 9344 MB/s, rmw enabled
[   11.911871] raid6: using ssse3x2 recovery algorithm
[   11.919890] xor: measuring software checksum speed
[   11.964094]    prefetch64-sse: 17797.000 MB/sec
[   12.008687]    generic_sse: 18426.000 MB/sec
[   12.013964] xor: using function: generic_sse (18426.000 MB/sec)
[   12.023537] async_tx: api initialized (async)
[   12.082080] md: raid6 personality registered for level 6
[   12.089311] md: raid5 personality registered for level 5
[   12.095594] md: raid4 personality registered for level 4
[   12.127097] md: raid10 personality registered for level 10
done.
Begin: Running /scripts/init-premount ... done.
Begin: Mounting root file system ... Begin: Running /scripts/local-top ... done.
Begin: Running /scripts/local-premount ... [   12.235737] Btrfs loaded
Scanning for Btrfs filesystems
done.
Warning: fsck not present, so skipping root file system
[   12.306778] EXT4-fs (sda1): mounted filesystem with ordered data mode. Opts: (null)
done.
Begin: Running /scripts/local-bottom ... done.
Begin: Running /scripts/init-bottom ... done.
[   12.513431] systemd[1]: systemd 229 running in system mode. (+PAM +AUDIT +SELINUX +IMA +APPARMOR +SMACK +SYSVINIT +UTMP +LIBCRYPTSETUP +GCRYPT +GNUTLS +ACL +XZ -LZ4 +SECCOMP +BLKID +ELFUTILS +KMOD -IDN)
[   12.531232] systemd[1]: Detected virtualization oracle.
[   12.538126] systemd[1]: Detected architecture x86-64.

Welcome to [1mUbuntu 16.04.7 LTS[0m!

[   12.559041] systemd[1]: Set hostname to <ubuntu>.
[   12.572086] systemd[1]: Initializing machine ID from random generator.
[   12.579068] systemd[1]: Installed transient /etc/machine-id file.
[   12.825130] systemd[1]: Created slice System Slice.
[[0;32m  OK  [0m] Created slice System Slice.
[   12.836756] systemd[1]: Started Forward Password Requests to Wall Directory Watch.
[[0;32m  OK  [0m] Started Forward Password Requests to Wall Directory Watch.
[   12.850612] systemd[1]: Reached target System Time Synchronized.
[[0;32m  OK  [0m] Reached target System Time Synchronized.
[   12.862421] systemd[1]: Listening on fsck to fsckd communication Socket.
[[0;32m  OK  [0m] Listening on fsck to fsckd communication Socket.
[   12.874325] systemd[1]: Listening on udev Kernel Socket.
[[0;32m  OK  [0m] Listening on udev Kernel Socket.
[   12.885087] systemd[1]: Listening on Journal Socket.
[[0;32m  OK  [0m] Listening on Journal Socket.
[   12.908328] systemd[1]: Starting Load Kernel Modules...
[   12.914767] random: nonblocking pool is initialized
         Starting Load Kernel Modules...
[   12.931220] systemd[1]: Starting File System Check on Root Device...
         Starting File System Check on Root Device...
[   12.949437] Loading iSCSI transport class v2.0-870.
[   12.950918] systemd[1]: Mounting Huge Pages File System...
         Mounting Huge Pages File System...
[   12.965348] systemd[1]: Created slice system-serial\x2dgetty.slice.
[[0;32m  OK  [0m] Created slice system-serial\x2dgetty.slice.
[   12.987187] systemd[1]: Reached target Encrypted Volumes.
[   12.995683] iscsi: registered transport (tcp)
[[0;32m  OK  [0m] Reached target Encrypted Volumes.
[   13.011459] systemd[1]: Listening on /dev/initctl Compatibility Named Pipe.
[[0;32m  OK  [0m] Listening on /dev/initctl Compatibility Named Pipe.
[   13.030033] systemd[1]: Listening on Syslog Socket.
[[0;32m  OK  [0m] Listening on Syslog Socket.
[   13.043982] systemd[1]: Set up automount Arbitrary Executable File Formats File System Automount Point.
[[0;32m  OK  [0m] Set up automount Arbitrary Executab...ats File System Automount Point.
[   13.085084] systemd[1]: Starting Set console keymap...
         Starting Set console keymap...
[   13.104778] systemd[1]: Listening on LVM2 poll daemon socket.
[[0;32m  OK  [0m] Listening on LVM2 poll daemon socket.
[   13.128488] systemd[1]: Listening on udev Control Socket.
[[0;32m  OK  [0m] Listening on udev Control Socket.
[   13.147925] iscsi: registered transport (iser)
[   13.171320] systemd[1]: Mounting Debug File System...
         Mounting Debug File System...
[   13.183583] systemd[1]: Reached target Swap.
[[0;32m  OK  [0m] Reached target Swap.
[   13.195109] systemd[1]: Listening on LVM2 metadata daemon socket.
[[0;32m  OK  [0m] Listening on LVM2 metadata daemon socket.
[   13.204740] systemd[1]: Started Trigger resolvconf update for networkd DNS.
[[0;32m  OK  [0m] Started Trigger resolvconf update for networkd DNS.
[   13.217255] systemd[1]: Reached target User and Group Name Lookups.
[[0;32m  OK  [0m] Reached target User and Group Name Lookups.
[   13.240579] systemd[1]: Starting Uncomplicated firewall...
         Starting Uncomplicated firewall...
[   13.256994] systemd[1]: Starting Nameserver information manager...
         Starting Nameserver information manager...
[   13.269582] systemd[1]: Listening on Device-mapper event daemon FIFOs.
[[0;32m  OK  [0m] Listening on Device-mapper event daemon FIFOs.
[   13.283187] systemd[1]: Starting Monitoring of LVM2 mirrors, snapshots etc. using dmeventd or progress polling...
         Starting Monitoring of LVM2 mirrors... dmeventd or progress polling...
[   13.304030] systemd[1]: Created slice User and Session Slice.
[[0;32m  OK  [0m] Created slice User and Session Slice.
[   13.323660] systemd[1]: Reached target Slices.
[[0;32m  OK  [0m] Reached target Slices.
[   13.344387] systemd[1]: Mounting POSIX Message Queue File System...
         Mounting POSIX Message Queue File System...
[   13.355664] systemd[1]: Listening on Journal Socket (/dev/log).
[[0;32m  OK  [0m] Listening on Journal Socket (/dev/log).
[   13.368083] systemd[1]: Listening on Journal Audit Socket.
[[0;32m  OK  [0m] Listening on Journal Audit Socket.
[   13.382701] systemd[1]: Starting Journal Service...
         Starting Journal Service...
[   13.399185] systemd[1]: Starting Create list of required static device nodes for the current kernel...
         Starting Create list of required st... nodes for the current kernel...
[   13.421265] systemd[1]: Mounted Huge Pages File System.
[[0;32m  OK  [0m] Mounted Huge Pages File System.
[   13.436586] systemd[1]: Mounted POSIX Message Queue File System.
[[0;32m  OK  [0m] Mounted POSIX Message Queue File System.
[   13.448569] systemd[1]: Mounted Debug File System.
[[0;32m  OK  [0m] Mounted Debug File System.
[   13.459222] systemd[1]: Started Journal Service.
[[0;32m  OK  [0m] Started Journal Service.
[[0;32m  OK  [0m] Started Load Kernel Modules.
[[0;32m  OK  [0m] Started File System Check on Root Device.
[[0;32m  OK  [0m] Started Set console keymap.
[[0;32m  OK  [0m] Started Uncomplicated firewall.
[[0;32m  OK  [0m] Started Create list of required sta...ce nodes for the current kernel.
[[0;32m  OK  [0m] Started Nameserver information manager.
[[0;32m  OK  [0m] Started File System Check Daemon to report status.
[[0;32m  OK  [0m] Started LVM2 metadata daemon.
         Starting Create Static Device Nodes in /dev...
         Starting Remount Root and Kernel File Systems...
         Starting Apply Kernel Variables...
         [   13.601335] EXT4-fs (sda1): re-mounted. Opts: (null)
Mounting FUSE Control File System...
[[0;32m  OK  [0m] Mounted FUSE Control File System.
[[0;32m  OK  [0m] Started Remount Root and Kernel File Systems.
         Starting Load/Save Random Seed...
         Starting Flush Journal to Persistent Storage...
         Starting udev Coldplug all Devices...
[[0;32m  OK  [0m] Started Load/Save Random Seed.
[   13.657361] systemd-journald[401]: Received request to flush runtime journal from PID 1
[[0;32m  OK  [0m] Started Flush Journal to Persistent Storage.
[[0;32m  OK  [0m] Started Apply Kernel Variables.
[[0;32m  OK  [0m] Started Create Static Device Nodes in /dev.
         Starting udev Kernel Device Manager...
[[0;32m  OK  [0m] Started Monitoring of LVM2 mirrors,...ng dmeventd or progress polling.
[[0;32m  OK  [0m] Reached target Local File Systems (Pre).
[[0;32m  OK  [0m] Reached target Local File Systems.
         Starting Create Volatile Files and Directories...
         Starting Commit a transient machine-id on disk...
         Starting Set console font and keymap...
         Starting Initial cloud-init job (pre-networking)...
         Starting LSB: AppArmor initialization...
         Starting Tell Plymouth To Write Out Runtime Data...
[[0;32m  OK  [0m] Started udev Kernel Device Manager.
[[0;32m  OK  [0m] Started udev Coldplug all Devices.
[[0;32m  OK  [0m] Started Dispatch Password Requests to Console Directory Watch.
[[0;32m  OK  [0m] Started Create Volatile Files and Directories.
         Starting Update UTMP about System Boot/Shutdown...
[[0;32m  OK  [0m] Started Tell Plymouth To Write Out Runtime Data.
[[0;32m  OK  [0m] Started Commit a transient machine-id on disk.
[[0;32m  OK  [0m] Started Update UTMP about System Boot/Shutdown.
[[0;32m  OK  [0m] Found device /dev/ttyS0.
[[0;32m  OK  [0m] Listening on Load/Save RF Kill Switch Status /dev/rfkill Watch.
[[0;32m  OK  [0m] Started LSB: AppArmor initialization.
[   16.522527]          Starting Load AppArmor profiles managed internally by snapd...
cloud-init[482]: Cloud-init v. 21.1-19-gbad84ad4-0ubuntu1~16.04.2 running 'init-local' at Thu, 07 Sep 2023 04:17:19 +0000. Up 16.02 seconds.
[[0;32m  OK  [0m] Started Load AppArmor profiles managed internally by snapd.
[[0;32m  OK  [0m] Started Initial cloud-init job (pre-networking).
[[0;32m  OK  [0m] Reached target Network (Pre).
         Starting Raise network interfaces...
[[0;32m  OK  [0m] Started Set console font and keymap.
[[0;32m  OK  [0m] Created slice system-getty.slice.
[[0;32m  OK  [0m] Started Raise network interfaces.
         Starting Initial cloud-init job (metadata service crawler)...
[[0;32m  OK  [0m] Reached target Network.
[   18.710368] cloud-init[939]: Cloud-init v. 21.1-19-gbad84ad4-0ubuntu1~16.04.2 running 'init' at Thu, 07 Sep 2023 04:17:21 +0000. Up 18.10 seconds.
[   18.717204] cloud-init[939]: ci-info: ++++++++++++++++++++++++++++++++++++++Net device info++++++++++++++++++++++++++++++++++++++
[   18.723052] cloud-init[939]: ci-info: +--------+------+----------------------------+---------------+--------+-------------------+
[   18.728709] cloud-init[939]: ci-info: | Device |  Up  |          Address           |      Mask     | Scope  |     Hw-Address    |
[   18.734637] cloud-init[939]: ci-info: +--------+------+----------------------------+---------------+--------+-------------------+
[   18.741522] cloud-init[939]: ci-info: | enp0s3 | True |         10.0.2.15          | 255.255.255.0 | global | 02:be:82:6b:cc:1d |
[   18.747170] cloud-init[939]: ci-info: | enp0s3 | True | fe80::be:82ff:fe6b:cc1d/64 |       .       |  link  | 02:be:82:6b:cc:1d |
[   18.753203] cloud-init[939]: ci-info: |   lo   | True |         127.0.0.1          |   255.0.0.0   |  host  |         .         |
[   18.759378] cloud-init[939]: ci-info: |   lo   | True |          ::1/128           |       .       |  host  |         .         |
[   18.765586] cloud-init[939]: ci-info: +--------+------+----------------------------+---------------+--------+-------------------+
[   18.771224] cloud-init[939]: ci-info: +++++++++++++++++++++++++++Route IPv4 info++++++++++++++++++++++++++++
[   18.776296] cloud-init[939]: ci-info: +-------+-------------+----------+---------------+-----------+-------+
[   18.790033] cloud-init[939]: ci-info: | Route | Destination | Gateway  |    Genmask    | Interface | Flags |
[   18.795370] cloud-init[939]: ci-info: +-------+-------------+----------+---------------+-----------+-------+
[   18.801299] cloud-init[939]: ci-info: |   0   |   0.0.0.0   | 10.0.2.2 |    0.0.0.0    |   enp0s3  |   UG  |
[   18.806774] cloud-init[939]: ci-info: |   1   |   10.0.2.0  | 0.0.0.0  | 255.255.255.0 |   enp0s3  |   U   |
[   18.812350] cloud-init[939]: ci-info: +-------+-------------+----------+---------------+-----------+-------+
[   18.817969] cloud-init[939]: ci-info: +++++++++++++++++++Route IPv6 info+++++++++++++++++++
[   18.823220] cloud-init[939]: ci-info: +-------+-------------+---------+-----------+-------+
[   18.829108] cloud-init[939]: ci-info: | Route | Destination | Gateway | Interface | Flags |
[   18.833723] cloud-init[939]: ci-info: +-------+-------------+---------+-----------+-------+
[   18.838540] cloud-init[939]: ci-info: |   0   |  fe80::/64  |    ::   |   enp0s3  |   U   |
[   18.844749] cloud-init[939]: ci-info: |   3   |   ff00::/8  |    ::   |   enp0s3  |   U   |
[   18.851326] cloud-init[939]: ci-info: +-------+-------------+---------+-----------+-------+
[   18.855615] cloud-init[939]: Generating public/private rsa key pair.
[[0;32m  OK  [0m] Started Initial cloud-init job (metadata service crawler).
[[0;32m  OK  [0m] Reached target Cloud-config availability.
[[0;32m  OK  [0m] Reached target System Initialization.
         Starting Socket activation for snappy daemon.
[   18.859734] cloud-init[939]: Your identification has been saved in /etc/ssh/ssh_host_rsa_key.
         Starting LXD - unix socket.
[[0;32m  OK  [0m] Started Ubuntu Advantage update messaging.
[   18.878694] cloud-init[939]: Your public key has been saved in /etc/ssh/ssh_host_rsa_key.pub.
[[0;32m  OK  [0m] Started ACPI Events Check.
[[0;32m  OK  [0m] Reached target Paths.
[[0;32m  OK  [0m] Listening on ACPID Listen Socket.
[[0;32m  OK  [0m] Started Message of the Day.
[   18.897397] cloud-init[939]: The key fingerprint is:
[[0;32m  OK  [0m] Listening on UUID daemon activation socket.
[[0;32m  OK  [0m] Listening on D-Bus System Message Bus Socket.
[[0;32m  OK  [0m] Started Daily Cleanup of Temporary Directories.
[[0;32m  OK  [0m] Started Daily apt download activities.
[[0;32m  OK  [0m] Started Daily apt upgrade and clean activities.
[[0;32m  OK  [0m] Reached target Timers.
[[0;32m  OK  [0m] Reached target Network is Online.
[   18.921064] cloud-init[939]: SHA256:ltPi+1256iSfoZRzpEOBkZVycq7m3CFasCErbXSEP9o root@ubuntu-xenial
[   18.943607] cloud-init[939]: The key's randomart image is:
[   18.946896] cloud-init[939]: +---[RSA 2048]----+
[   18.950047] cloud-init[939]: |     .  .o..     |
[   18.953187] cloud-init[939]: |    . . +o+      |
         Starting iSCSI initiator daemon (iscsid)...
[[0;32m  OK  [0m] Listening on Socket activation for snappy daemon.
[[0;32m  OK  [0m] Listening on LXD - unix socket.
[[0;32m  OK  [0m] Reached target Sockets.
[[0;32m  OK  [0m] Reached target Basic System.
[   18.959452] [[0;32m  OK  [0m] Started Regular background program processing daemon.
         Starting /etc/rc.local Compatibility...
[[0;32m  OK  [0m] Started D-Bus System Message Bus.
cloud-init[939]: |     o  .*.      |
[   18.995126] cloud-init[939]: |    o *  o..     |
[   19.003159] cloud-init[939]: |   o * =S.o .    |
[   19.010264] cloud-init[939]: |  . = Eo=+.+   . |
[   19.015188] cloud-init[939]: |   o   *.oB.+ o  |
[   19.020884] cloud-init[939]: |      . oo.X + . |
[   19.035009] cloud-init[939]: |        ..o.*..  |
[   19.043059] cloud-init[939]: +----[SHA256]-----+
[   19.050543] cloud-init[939]: Generating public/private dsa key pair.
[[0;32m  OK  [0m] Started Deferred execution scheduler.
[   19.061144]          Starting Pollinate to seed the pseudo random number generator...
         Starting System Logging Service...
         Starting Virtualbox guest utils...
         Starting LXD - container startup/shutdown...
cloud-init[939]:          Starting Snap Daemon...
         Starting LSB: Record successful boot for GRUB...
         Starting Accounts Service...
[[0;32m  OK  [0m] Started ACPI event daemon.
[[0;32m  OK  [0m] Started FUSE filesystem for LXC.
         Starting Login Service...
         Starting LSB: MD monitoring daemon...
[[0;32m  OK  [0m] Started /etc/rc.local Compatibility.
[[0;32m  OK  [0m] Started iSCSI initiator daemon (iscsid).
         Starting Login to default iSCSI targets...
[[0;32m  OK  [0m] Started Login Service.
Your identification has been saved in /etc/ssh/ssh_host_dsa_key.
[[0;32m  OK  [0m] Started Unattended Upgrades Shutdown.
[   19.231677] cloud-init[939]: Your public key has been saved in /etc/ssh/ssh_host_dsa_key.pub.
[[0;32m  OK  [0m] Started System Logging Service.
[   19.356304] cloud-init[939]: The key fingerprint is:
[   19.422330] cloud-init[939]: SHA256:rM1iSOficRs0omWTo76fklQCvoW4W0moH4FxP0dus5s root@ubuntu-xenial
[[0;32m  OK  [0m] Started Login to default iSCSI targets.
[[0;32m  OK  [0m] Reached target Remote File Systems (Pre).
[[0;32m  OK  [0m] Reached target Remote File Systems.
[   19.503536] cloud-init[939]: The key's randomart image is:
         Starting Permit User Sessions...
         Starting LSB: Set the CPU Frequency Scaling governor to "ondemand"...
         Starting LSB: automatic crash report generation...
         Starting LSB: daemon to balance interrupts for SMP systems...
[   19.525914] cloud-init[939]: +---[DSA 1024]----+
[[0;32m  OK  [0m] Started LSB: Record successful boot for GRUB.
[[0;32m  OK  [0m] Started Permit User Sessions.
[   19.579264] cloud-init[939]: |                 |
         Starting Hold until boot process finishes up...
         Starting Terminate Plymouth Boot Screen...
[   19.617569] cloud-init[939]: |o .   .          |
[   19.672309] cloud-init[939]: |o*.. o           |
[[0;32m  OK  [0m] Started Hold until boot process finishes up.
[[0;32m  OK  [0m] Started Terminate Plymouth Boot Screen.
[   19.693484] cloud-init[939]: |+o+.+.=.         |
         Starting Authenticate and Authorize Users to Run Privileged Tasks...
         Starting Set console scheme...
[[0;32m  OK  [0m] Started Getty on tty1.
[[0;32m  OK  [0m] Started Serial Getty on ttyS0.
[[0;32m  OK  [0m[   19.738298] cloud-init[939]: |.oo=O++oS        |
[   19.803299] cloud-init[939]: |o.=* O.=         |
[   19.803632] cloud-init[939]: | =oo+ Boo        |
] Reached target Login Prompts.
[[0;32m  OK  [0m] Started LSB: MD monitoring daemon.
[   19.803961] cloud-init[939]: |..+. *E+         |
[   19.812557] cloud-init[939]: |  o++ .          |
[[0;32m  OK  [0m] Started LSB: Set the CPU Frequency Scaling governor to "ondemand".
[[0;32m  OK  [0m] Started Set console scheme.
[   19.837751] cloud-init[939]: +----[SHA256]-----+
[   19.888273] cloud-init[939]: Generating public/private ecdsa key pair.
[   19.905591] [[0;32m  OK  [0m] Started LSB: automatic crash report generation.
cloud-init[939]: Your identification has been saved in /etc/ssh/ssh_host_ecdsa_key.
[   19.929461] cloud-init[939]: Your public key has been saved in /etc/ssh/ssh_host_ecdsa_key.pub.
[   19.962100] cloud-init[939]: The key fingerprint is:
[[0;32m  OK  [0m] Started Authenticate and Authorize Users to Run Privileged Tasks.
[   19.995058] cloud-init[939]: SHA256:ryWnJ3FxILD3uI/+eVBNvnXY/uNMU1dcN6A/HulfIlM root@ubuntu-xenial
[[0;32m  OK  [0m] Started LXD - container startup/shutdown.
[[0;32m  OK  [0m] Started LSB: daemon to balance interrupts for SMP systems.
[[0;32m  OK  [0m] Started Accounts Service.
[   20.008833] cloud-init[939]: The key's randomart image is:
[   20.037208] cloud-init[939]: +---[ECDSA 256]---+
[   20.050961] cloud-init[939]: |      ..     ...o|
[   20.057193] cloud-init[939]: |       .. . . ..+|
[   20.061964] cloud-init[939]: |      . .. o + oo|
[   20.067248] cloud-init[939]: |       . o. + = =|
[   20.071464] cloud-init[939]: |        S .+ =E++|
[   20.075342] cloud-init[939]: |        .oo o.+ +|
[[0;32m  OK  [0m] Started Virtualbox guest utils.
[   20.088405] cloud-init[939]: |        oo+.oo.oo|
[   20.112090] cloud-init[939]: |        .O...o+o+|
[   20.126433] cloud-init[939]: |       .=++.  .+.|
[   20.133631] cloud-init[939]: +----[SHA256]-----+
[   20.171670] cloud-init[939]: Generating public/private ed25519 key pair.
[   20.190540] cloud-init[939]: Your identification has been saved in /etc/ssh/ssh_host_ed25519_key.
[   20.204804] cloud-init[939]: Your public key has been saved in /etc/ssh/ssh_host_ed25519_key.pub.
[   20.222399] cloud-init[939]: The key fingerprint is:
[   20.236606] cloud-init[939]: SHA256:A+7nOoqPutbj+j3Hb7Zxc4G8GgK3sGPpOQ3unenrcAY root@ubuntu-xenial
[   20.252635] cloud-init[939]: The key's randomart image is:
[   20.266417] cloud-init[939]: +--[ED25519 256]--+
[   20.288828] cloud-init[939]: |                 |
[   20.311406] cloud-init[939]: |                 |
[   20.343904] cloud-init[939]: |      .          |
[   20.358010] cloud-init[939]: |     . .  . .    |
[   20.369351] cloud-init[939]: |     E..S  o .   |
[   20.380836] cloud-init[939]: |     oB ..  . .  |
[   20.396291] [[0;32m  OK  [0m] Started Snap Daemon.
cloud-init         Starting Wait until snapd is fully seeded...
[939]: |  . .*==.o + .   |
[   20.412436] cloud-init[939]: | . =++O*+o= o    |
[   20.429828] cloud-init[939]: |++*+=*BX*+.      |
[   20.445194] cloud-init[939]: +----[SHA256]-----+
[[0;32m  OK  [0m] Started Pollinate to seed the pseudo random number generator.
         Starting OpenBSD Secure Shell server...
[[0;32m  OK  [0m] Started OpenBSD Secure Shell server.
[[0;32m  OK  [0m] Started Wait until snapd is fully seeded.
         Starting Apply the settings specified in cloud-config...
[[0;32m  OK  [0m] Reached target Multi-User System.
[[0;32m  OK  [0m] Reached target Graphical Interface.
         Starting Update UTMP about System Runlevel Changes...
[[0;32m  OK  [0m] Started Update UTMP about System Runlevel Changes.
[   24.196227] cloud-init[1299]: Generating locales (this might take a while)...
[   25.467035] cloud-init[1299]:   en_US.UTF-8... done
[   25.475392] cloud-init[1299]: Generation complete.
[   25.856293] cloud-init[1299]: Cloud-init v. 21.1-19-gbad84ad4-0ubuntu1~16.04.2 running 'modules:config' at Thu, 07 Sep 2023 04:17:27 +0000. Up 24.06 seconds.

Ubuntu 16.04.7 LTS ubuntu-xenial ttyS0

ubuntu-xenial login: ci-info: no authorized SSH keys fingerprints found for user ubuntu.
<14>Sep  7 04:17:29 ec2: 
<14>Sep  7 04:17:29 ec2: #############################################################
<14>Sep  7 04:17:29 ec2: -----BEGIN SSH HOST KEY FINGERPRINTS-----
<14>Sep  7 04:17:29 ec2: 1024 SHA256:rM1iSOficRs0omWTo76fklQCvoW4W0moH4FxP0dus5s root@ubuntu-xenial (DSA)
<14>Sep  7 04:17:29 ec2: 256 SHA256:ryWnJ3FxILD3uI/+eVBNvnXY/uNMU1dcN6A/HulfIlM root@ubuntu-xenial (ECDSA)
<14>Sep  7 04:17:29 ec2: 256 SHA256:A+7nOoqPutbj+j3Hb7Zxc4G8GgK3sGPpOQ3unenrcAY root@ubuntu-xenial (ED25519)
<14>Sep  7 04:17:29 ec2: 2048 SHA256:ltPi+1256iSfoZRzpEOBkZVycq7m3CFasCErbXSEP9o root@ubuntu-xenial (RSA)
<14>Sep  7 04:17:29 ec2: -----END SSH HOST KEY FINGERPRINTS-----
<14>Sep  7 04:17:29 ec2: #############################################################
-----BEGIN SSH HOST KEY KEYS-----
ecdsa-sha2-nistp256 AAAAE2VjZHNhLXNoYTItbmlzdHAyNTYAAAAIbmlzdHAyNTYAAABBBG2d43VVMN/eCGvHH1sK7wjTgt+AVQ/rw9cSk7TbcgFnxxVvb/jBFvo1XF72TgIxMV9fN1uo0shQmzL4gUNgXcI= root@ubuntu-xenial
ssh-ed25519 AAAAC3NzaC1lZDI1NTE5AAAAIHHQYSvDuYxAiNZtgFC499BFwEbKfcTVil57g0z5cTum root@ubuntu-xenial
ssh-rsa AAAAB3NzaC1yc2EAAAADAQABAAABAQDfk1U/ARRXe4cqiboxCp4Zz2qmCFIGS75UCj3/J8376fIKNrt2NPpdH3PYYUUoCUhCcG7Bq+TMme6O39s6w5CpwcSbkP4m1bWBVCOIqqscYLVboKP2wlMPFJgwhf9LlAM89SGD78cNaqklEExsvOC/MYupJ+TXT79i2SW5wnYM04/rNNEcm37aTnlblajHtrf6pU9uU8jjsZJGAkQaK0cGprOz46IU0gOWy8bnG79lmrHu2VC7YP1KCjTpHLWiDYFG/NUeyBIxc0z9HyFIR+XJbe17e9EEWaOrik3ZscjwXvYX0pb3mlz1LRgPsFyEXQK9duFa1UW99SlFS8kmlCPX root@ubuntu-xenial
-----END SSH HOST KEY KEYS-----
[   26.549678] cloud-init[1349]: Cloud-init v. 21.1-19-gbad84ad4-0ubuntu1~16.04.2 running 'modules:final' at Thu, 07 Sep 2023 04:17:29 +0000. Up 26.26 seconds.
[   26.550113] cloud-init[1349]: ci-info: no authorized SSH keys fingerprints found for user ubuntu.
[   26.550423] cloud-init[1349]: Cloud-init v. 21.1-19-gbad84ad4-0ubuntu1~16.04.2 finished at Thu, 07 Sep 2023 04:17:29 +0000. Datasource DataSourceNoCloud [seed=/dev/sdb][dsmode=net].  Up 26.53 seconds
